<?xml version="1.0" encoding="UTF-8"?>
<testng-results ignored="0" total="1" passed="1" failed="0" skipped="0">
  <reporter-output>
  </reporter-output>
  <suite started-at="2023-08-04T18:11:35 IST" name="Default suite" finished-at="2023-08-04T18:11:41 IST" duration-ms="6455">
    <groups>
    </groups>
    <test started-at="2023-08-04T18:11:35 IST" name="Default test" finished-at="2023-08-04T18:11:41 IST" duration-ms="6455">
      <class name="FirstTest">
        <test-method signature="TestGooggle()[pri:0, instance:FirstTest@28f2a10f]" started-at="2023-08-04T18:11:35 IST" name="TestGooggle" finished-at="2023-08-04T18:11:41 IST" duration-ms="6410" status="PASS">
          <reporter-output>
          </reporter-output>
        </test-method> <!-- TestGooggle -->
      </class> <!-- FirstTest -->
    </test> <!-- Default test -->
  </suite> <!-- Default suite -->
</testng-results>
